<?xml version="1.0" encoding="UTF-8"?>
<!-- Generated by org.testng.reporters.JUnitReportReporter -->
<testsuite skipped="0" hostname="LAPTOP-JHCO5B84" name="regressionTestScripts.VerifyActitimeVersion" tests="2" failures="0" timestamp="2020-04-09T10:48:52 IST" time="53.156" errors="0">
  <testcase name="verifyVersion" time="25.143" classname="regressionTestScripts.VerifyActitimeVersion"/>
  <system-out>
Element found Element found  </system-out>
  <testcase name="verifyVersion" time="28.013" classname="regressionTestScripts.VerifyActitimeVersion"/>
  <system-out>
Element found Element found  </system-out>
</testsuite> <!-- regressionTestScripts.VerifyActitimeVersion -->
