<?xml version="1.0" encoding="UTF-8"?>
<!-- Generated by org.testng.reporters.JUnitReportReporter -->
<testsuite skipped="0" hostname="LAPTOP-JHCO5B84" name="regressionTestScripts.ValidLoginLogout" tests="2" failures="0" timestamp="2020-04-09T10:48:52 IST" time="38.807" errors="0">
  <testcase name="validloginlogout" time="20.777" classname="regressionTestScripts.ValidLoginLogout"/>
  <system-out>
title displayed title displayed  </system-out>
  <testcase name="validloginlogout" time="18.030" classname="regressionTestScripts.ValidLoginLogout"/>
  <system-out>
title displayed title displayed  </system-out>
</testsuite> <!-- regressionTestScripts.ValidLoginLogout -->
